<?xml version="1.0" encoding="UTF-8"?>
<!-- Generated by org.testng.reporters.JUnitXMLReporter -->
<testsuite hostname="DESKTOP-4BMDEA7" ignored="0" name="Test" tests="8" failures="0" timestamp="05 Nov 2017 17:10:51 GMT" time="113.401" errors="0">
  <testcase name="TestInvalidData" time="3.967" classname="scripts.InvalidData"/>
  <testcase name="emptyData" time="2.56" classname="scripts.NoData"/>
  <testcase name="TestMandatoryFields" time="3.484" classname="scripts.MandatoryData"/>
  <testcase name="TestRequiredFields" time="4.605" classname="scripts.RequiredFields"/>
  <testcase name="TestUniqueness" time="3.182" classname="scripts.UniquenessCheck"/>
  <testcase name="TestUniqueness" time="3.124" classname="scripts.UniquenessCheck"/>
  <testcase name="TestPwdMismatch" time="3.906" classname="scripts.PwdMismatch"/>
  <testcase name="TestValidRegistration" time="5.371" classname="scripts.ValidData"/>
</testsuite> <!-- Test -->
